Using pre-set license
Built from '2021.1/staging' branch; Version is '2021.1.3f1 (4bef613afd59) revision 4976481'; Using compiler version '192528614'; Build Type 'Release'
OS: 'Windows 10 Home; OS build 19042.928; Version 2009; 64bit' Language: 'en' Physical Memory: 8109 MB
BatchMode: 1, IsHumanControllingUs: 0, StartBugReporterOnCrash: 0, Is64bit: 1, IsPro: 0

 COMMAND LINE ARGUMENTS:
C:\Program Files\Unity\Hub\Editor\2021.1.3f1\Editor\Unity.exe
-adb2
-batchMode
-noUpm
-name
AssetImportWorker0
-projectPath
C:/Users/elite/Documents/GitHub/Huskies-and-Shadows
-logFile
Logs/AssetImportWorker0.log
-srvPort
49304
Successfully changed project path to: C:/Users/elite/Documents/GitHub/Huskies-and-Shadows
C:/Users/elite/Documents/GitHub/Huskies-and-Shadows
Using Asset Import Pipeline V2.
Refreshing native plugins compatible for Editor in 105.06 ms, found 1 plugins.
Preloading 0 native plugins for Editor in 0.00 ms.
Initialize engine version: 2021.1.3f1 (4bef613afd59)
[Subsystems] Discovering subsystems at path C:/Program Files/Unity/Hub/Editor/2021.1.3f1/Editor/Data/Resources/UnitySubsystems
[Subsystems] Discovering subsystems at path C:/Users/elite/Documents/GitHub/Huskies-and-Shadows/Assets
GfxDevice: creating device client; threaded=0; jobified=0
Direct3D:
    Version:  Direct3D 11.0 [level 11.0]
    Renderer: NVIDIA GeForce 940M (ID=0x1347)
    Vendor:   NVIDIA
    VRAM:     2010 MB
    Driver:   27.21.14.6192
Initialize mono
Mono path[0] = 'C:/Program Files/Unity/Hub/Editor/2021.1.3f1/Editor/Data/Managed'
Mono path[1] = 'C:/Program Files/Unity/Hub/Editor/2021.1.3f1/Editor/Data/MonoBleedingEdge/lib/mono/unityjit'
Mono config path = 'C:/Program Files/Unity/Hub/Editor/2021.1.3f1/Editor/Data/MonoBleedingEdge/etc'
Using monoOptions --debugger-agent=transport=dt_socket,embedding=1,server=y,suspend=n,address=127.0.0.1:56340
Begin MonoManager ReloadAssembly
Registering precompiled unity dll's ...
Register platform support module: C:/Program Files/Unity/Hub/Editor/2021.1.3f1/Editor/Data/PlaybackEngines/WebGLSupport/UnityEditor.WebGL.Extensions.dll
Register platform support module: C:/Program Files/Unity/Hub/Editor/2021.1.3f1/Editor/Data/PlaybackEngines/WindowsStandaloneSupport/UnityEditor.WindowsStandalone.Extensions.dll
Registered in 0.004551 seconds.
Native extension for WindowsStandalone target not found
Native extension for WebGL target not found
Refreshing native plugins compatible for Editor in 109.85 ms, found 1 plugins.
Preloading 0 native plugins for Editor in 0.00 ms.
Mono: successfully reloaded assembly
- Completed reload, in  1.837 seconds
Platform modules already initialized, skipping
Registering precompiled user dll's ...
Registered in 0.004819 seconds.
Begin MonoManager ReloadAssembly
Native extension for WindowsStandalone target not found
Native extension for WebGL target not found
Refreshing native plugins compatible for Editor in 0.78 ms, found 1 plugins.
Preloading 0 native plugins for Editor in 0.00 ms.
Mono: successfully reloaded assembly
- Completed reload, in  1.461 seconds
Platform modules already initialized, skipping
========================================================================
Worker process is ready to serve import requests
Launched and connected shader compiler UnityShaderCompiler.exe after 0.05 seconds
Refreshing native plugins compatible for Editor in 0.84 ms, found 1 plugins.
Preloading 0 native plugins for Editor in 0.00 ms.
Unloading 3193 Unused Serialized files (Serialized files now loaded: 0)
System memory in use before: 137.6 MB.
System memory in use after: 137.7 MB.

Unloading 94 unused Assets to reduce memory usage. Loaded Objects now: 3644.
Total: 3.535600 ms (FindLiveObjects: 0.304300 ms CreateObjectMapping: 0.170100 ms MarkObjects: 2.771200 ms  DeleteObjects: 0.288700 ms)

========================================================================
Received Import Request.
  path: Assets/Materials
  artifactKey: Guid(0826e1f2b9d82fd42afe9e8539a2a9f7) Importer(815301076,1909f56bfc062723c751e8b465ee728b)
Start importing Assets/Materials using Guid(0826e1f2b9d82fd42afe9e8539a2a9f7) Importer(815301076,1909f56bfc062723c751e8b465ee728b)  -> (artifact id: '2b1246ef405a82594247da0b630dc8a4') in 0.012753 seconds 
========================================================================
Received Prepare
Registering precompiled user dll's ...
Registered in 0.005024 seconds.
Begin MonoManager ReloadAssembly
Native extension for WindowsStandalone target not found
Native extension for WebGL target not found
Refreshing native plugins compatible for Editor in 0.63 ms, found 1 plugins.
Preloading 0 native plugins for Editor in 0.00 ms.
Warning: Annotation not found!
UnityEngine.StackTraceUtility:ExtractStackTrace ()
UnityEditor.ProBuilder.EditorUtility:SetGizmoIconEnabled (System.Type,bool) (at Library/PackageCache/com.unity.probuilder@5.0.3/Editor/EditorCore/EditorUtility.cs:575)
UnityEditor.ProBuilder.HierarchyListener:.cctor () (at Library/PackageCache/com.unity.probuilder@5.0.3/Editor/EditorCore/HierarchyListener.cs:21)
System.Runtime.CompilerServices.RuntimeHelpers:RunClassConstructor (System.RuntimeTypeHandle)
UnityEditor.EditorAssemblies:ProcessInitializeOnLoadAttributes (System.Type[])

[Library/PackageCache/com.unity.probuilder@5.0.3/Editor/EditorCore/EditorUtility.cs line 575]

Mono: successfully reloaded assembly
- Completed reload, in  1.803 seconds
Platform modules already initialized, skipping
Refreshing native plugins compatible for Editor in 1.08 ms, found 1 plugins.
Preloading 0 native plugins for Editor in 0.00 ms.
Unloading 3124 Unused Serialized files (Serialized files now loaded: 0)
System memory in use before: 132.4 MB.
System memory in use after: 132.6 MB.

Unloading 11 unused Assets to reduce memory usage. Loaded Objects now: 3647.
Total: 17.834400 ms (FindLiveObjects: 0.950700 ms CreateObjectMapping: 7.316600 ms MarkObjects: 9.032800 ms  DeleteObjects: 0.522100 ms)

========================================================================
Received Import Request.
  Time since last request: 525.327319 seconds.
  path: Assets/Models/Husker.controller
  artifactKey: Guid(a79a5d48c45f10d45b70b56f80018b05) Importer(815301076,1909f56bfc062723c751e8b465ee728b)
Start importing Assets/Models/Husker.controller using Guid(a79a5d48c45f10d45b70b56f80018b05) Importer(815301076,1909f56bfc062723c751e8b465ee728b)  -> (artifact id: '08e5a417fbcddd83b98e74cca04eb88d') in 0.063032 seconds 
========================================================================
Received Import Request.
  Time since last request: 106.830429 seconds.
  path: Assets/Scirpts/HuskAnim.cs
  artifactKey: Guid(92257775d5e130646b9424f0bd4dd295) Importer(815301076,1909f56bfc062723c751e8b465ee728b)
Start importing Assets/Scirpts/HuskAnim.cs using Guid(92257775d5e130646b9424f0bd4dd295) Importer(815301076,1909f56bfc062723c751e8b465ee728b)  -> (artifact id: '2a001e7b830a6b2b695c4e7140f38c2f') in 0.025533 seconds 
========================================================================
Received Prepare
Registering precompiled user dll's ...
Registered in 0.006378 seconds.
Begin MonoManager ReloadAssembly
Native extension for WindowsStandalone target not found
Native extension for WebGL target not found
Refreshing native plugins compatible for Editor in 0.67 ms, found 1 plugins.
Preloading 0 native plugins for Editor in 0.00 ms.
Warning: Annotation not found!
UnityEngine.StackTraceUtility:ExtractStackTrace ()
UnityEditor.ProBuilder.EditorUtility:SetGizmoIconEnabled (System.Type,bool) (at Library/PackageCache/com.unity.probuilder@5.0.3/Editor/EditorCore/EditorUtility.cs:575)
UnityEditor.ProBuilder.HierarchyListener:.cctor () (at Library/PackageCache/com.unity.probuilder@5.0.3/Editor/EditorCore/HierarchyListener.cs:21)
System.Runtime.CompilerServices.RuntimeHelpers:RunClassConstructor (System.RuntimeTypeHandle)
UnityEditor.EditorAssemblies:ProcessInitializeOnLoadAttributes (System.Type[])

[Library/PackageCache/com.unity.probuilder@5.0.3/Editor/EditorCore/EditorUtility.cs line 575]

Mono: successfully reloaded assembly
- Completed reload, in  3.290 seconds
Platform modules already initialized, skipping
Refreshing native plugins compatible for Editor in 0.69 ms, found 1 plugins.
Preloading 0 native plugins for Editor in 0.00 ms.
Unloading 3123 Unused Serialized files (Serialized files now loaded: 0)
System memory in use before: 132.4 MB.
System memory in use after: 132.6 MB.

Unloading 12 unused Assets to reduce memory usage. Loaded Objects now: 3649.
Total: 9.550200 ms (FindLiveObjects: 1.531400 ms CreateObjectMapping: 0.477200 ms MarkObjects: 7.325800 ms  DeleteObjects: 0.211400 ms)

========================================================================
Received Import Request.
  Time since last request: 757.536875 seconds.
  path: Assets/New Terrain.asset
  artifactKey: Guid(20cd944e4eed6a14ab3e474b9f06c940) Importer(815301076,1909f56bfc062723c751e8b465ee728b)
Start importing Assets/New Terrain.asset using Guid(20cd944e4eed6a14ab3e474b9f06c940) Importer(815301076,1909f56bfc062723c751e8b465ee728b)  -> (artifact id: '7dbca4fb4de6a23147f2fad8e758fc60') in 0.042467 seconds 
========================================================================
Received Import Request.
  Time since last request: 0.815986 seconds.
  path: Assets/New Terrain 1.asset
  artifactKey: Guid(363fbd0738a03b24a90957d710894e9b) Importer(815301076,1909f56bfc062723c751e8b465ee728b)
Start importing Assets/New Terrain 1.asset using Guid(363fbd0738a03b24a90957d710894e9b) Importer(815301076,1909f56bfc062723c751e8b465ee728b)  -> (artifact id: 'c35fe701ca4f8792b2a1fc5f6c3b7301') in 0.035876 seconds 
========================================================================
Received Prepare
Registering precompiled user dll's ...
Registered in 0.004497 seconds.
Begin MonoManager ReloadAssembly
Native extension for WindowsStandalone target not found
Native extension for WebGL target not found
Refreshing native plugins compatible for Editor in 0.67 ms, found 1 plugins.
Preloading 0 native plugins for Editor in 0.00 ms.
Warning: Annotation not found!
UnityEngine.StackTraceUtility:ExtractStackTrace ()
UnityEditor.ProBuilder.EditorUtility:SetGizmoIconEnabled (System.Type,bool) (at Library/PackageCache/com.unity.probuilder@5.0.3/Editor/EditorCore/EditorUtility.cs:575)
UnityEditor.ProBuilder.HierarchyListener:.cctor () (at Library/PackageCache/com.unity.probuilder@5.0.3/Editor/EditorCore/HierarchyListener.cs:21)
System.Runtime.CompilerServices.RuntimeHelpers:RunClassConstructor (System.RuntimeTypeHandle)
UnityEditor.EditorAssemblies:ProcessInitializeOnLoadAttributes (System.Type[])

[Library/PackageCache/com.unity.probuilder@5.0.3/Editor/EditorCore/EditorUtility.cs line 575]

Mono: successfully reloaded assembly
- Completed reload, in  2.341 seconds
Platform modules already initialized, skipping
Refreshing native plugins compatible for Editor in 0.78 ms, found 1 plugins.
Preloading 0 native plugins for Editor in 0.00 ms.
Unloading 3123 Unused Serialized files (Serialized files now loaded: 0)
System memory in use before: 132.0 MB.
System memory in use after: 132.2 MB.

Unloading 11 unused Assets to reduce memory usage. Loaded Objects now: 3652.
Total: 4.745300 ms (FindLiveObjects: 0.875300 ms CreateObjectMapping: 0.498500 ms MarkObjects: 3.218600 ms  DeleteObjects: 0.149900 ms)

AssetImportWorkerClient::OnTransportError - code=2 error=End of file
