Using pre-set license
Built from '2021.1/staging' branch; Version is '2021.1.3f1 (4bef613afd59) revision 4976481'; Using compiler version '192528614'; Build Type 'Release'
OS: 'Windows 10 Home; OS build 19042.985; Version 2009; 64bit' Language: 'en' Physical Memory: 8109 MB
BatchMode: 1, IsHumanControllingUs: 0, StartBugReporterOnCrash: 0, Is64bit: 1, IsPro: 0

 COMMAND LINE ARGUMENTS:
C:\Program Files\Unity\Hub\Editor\2021.1.3f1\Editor\Unity.exe
-adb2
-batchMode
-noUpm
-name
AssetImportWorker2
-projectPath
C:/Users/elite/Documents/GitHub/Huskies-and-Shadows
-logFile
Logs/AssetImportWorker2.log
-srvPort
50840
Successfully changed project path to: C:/Users/elite/Documents/GitHub/Huskies-and-Shadows
C:/Users/elite/Documents/GitHub/Huskies-and-Shadows
Using Asset Import Pipeline V2.
Refreshing native plugins compatible for Editor in 166.83 ms, found 1 plugins.
Preloading 0 native plugins for Editor in 0.00 ms.
Initialize engine version: 2021.1.3f1 (4bef613afd59)
[Subsystems] Discovering subsystems at path C:/Program Files/Unity/Hub/Editor/2021.1.3f1/Editor/Data/Resources/UnitySubsystems
[Subsystems] Discovering subsystems at path C:/Users/elite/Documents/GitHub/Huskies-and-Shadows/Assets
GfxDevice: creating device client; threaded=0; jobified=0
Direct3D:
    Version:  Direct3D 11.0 [level 11.0]
    Renderer: NVIDIA GeForce 940M (ID=0x1347)
    Vendor:   NVIDIA
    VRAM:     2010 MB
    Driver:   27.21.14.6192
Initialize mono
Mono path[0] = 'C:/Program Files/Unity/Hub/Editor/2021.1.3f1/Editor/Data/Managed'
Mono path[1] = 'C:/Program Files/Unity/Hub/Editor/2021.1.3f1/Editor/Data/MonoBleedingEdge/lib/mono/unityjit'
Mono config path = 'C:/Program Files/Unity/Hub/Editor/2021.1.3f1/Editor/Data/MonoBleedingEdge/etc'
Using monoOptions --debugger-agent=transport=dt_socket,embedding=1,server=y,suspend=n,address=127.0.0.1:56228
Begin MonoManager ReloadAssembly
Registering precompiled unity dll's ...
Register platform support module: C:/Program Files/Unity/Hub/Editor/2021.1.3f1/Editor/Data/PlaybackEngines/WebGLSupport/UnityEditor.WebGL.Extensions.dll
Register platform support module: C:/Program Files/Unity/Hub/Editor/2021.1.3f1/Editor/Data/PlaybackEngines/WindowsStandaloneSupport/UnityEditor.WindowsStandalone.Extensions.dll
Registered in 0.004331 seconds.
Native extension for WindowsStandalone target not found
Native extension for WebGL target not found
Refreshing native plugins compatible for Editor in 158.72 ms, found 1 plugins.
Preloading 0 native plugins for Editor in 0.00 ms.
Mono: successfully reloaded assembly
- Completed reload, in  2.127 seconds
Platform modules already initialized, skipping
Registering precompiled user dll's ...
Registered in 0.005854 seconds.
Begin MonoManager ReloadAssembly
Native extension for WindowsStandalone target not found
Native extension for WebGL target not found
Refreshing native plugins compatible for Editor in 0.65 ms, found 1 plugins.
Preloading 0 native plugins for Editor in 0.00 ms.
Mono: successfully reloaded assembly
- Completed reload, in  2.513 seconds
Platform modules already initialized, skipping
========================================================================
Worker process is ready to serve import requests
Launched and connected shader compiler UnityShaderCompiler.exe after 0.07 seconds
Refreshing native plugins compatible for Editor in 0.63 ms, found 1 plugins.
Preloading 0 native plugins for Editor in 0.00 ms.
Unloading 3192 Unused Serialized files (Serialized files now loaded: 0)
System memory in use before: 138.1 MB.
System memory in use after: 138.2 MB.

Unloading 94 unused Assets to reduce memory usage. Loaded Objects now: 3643.
Total: 4.284000 ms (FindLiveObjects: 0.621900 ms CreateObjectMapping: 0.421800 ms MarkObjects: 2.915900 ms  DeleteObjects: 0.322400 ms)

========================================================================
Received Import Request.
  path: Assets/Models/Husker.controller
  artifactKey: Guid(a79a5d48c45f10d45b70b56f80018b05) Importer(815301076,1909f56bfc062723c751e8b465ee728b)
Start importing Assets/Models/Husker.controller using Guid(a79a5d48c45f10d45b70b56f80018b05) Importer(815301076,1909f56bfc062723c751e8b465ee728b)  -> (artifact id: 'd5285dc89827392e06f1feb7855c81c1') in 0.077457 seconds 
========================================================================
Received Prepare
Refreshing native plugins compatible for Editor in 3.21 ms, found 1 plugins.
Preloading 0 native plugins for Editor in 0.00 ms.
Unloading 9 Unused Serialized files (Serialized files now loaded: 0)
System memory in use before: 70.8 MB.
System memory in use after: 71.0 MB.

Unloading 9 unused Assets to reduce memory usage. Loaded Objects now: 3643.
Total: 4.045300 ms (FindLiveObjects: 0.484400 ms CreateObjectMapping: 0.208300 ms MarkObjects: 3.223500 ms  DeleteObjects: 0.127100 ms)

========================================================================
Received Import Request.
  Time since last request: 261.704845 seconds.
  path: Assets/Tree.prefab
  artifactKey: Guid(a8b41dfb517c06d4db152e390b65c2cf) Importer(815301076,1909f56bfc062723c751e8b465ee728b)
Start importing Assets/Tree.prefab using Guid(a8b41dfb517c06d4db152e390b65c2cf) Importer(815301076,1909f56bfc062723c751e8b465ee728b)  -> (artifact id: '23735a0bed7ba9dd7ee1c540a2eafbe3') in 0.434758 seconds 
========================================================================
Received Import Request.
  Time since last request: 101.215264 seconds.
  path: Assets/Tree.prefab
  artifactKey: Guid(a8b41dfb517c06d4db152e390b65c2cf) Importer(815301076,1909f56bfc062723c751e8b465ee728b)
Start importing Assets/Tree.prefab using Guid(a8b41dfb517c06d4db152e390b65c2cf) Importer(815301076,1909f56bfc062723c751e8b465ee728b)  -> (artifact id: 'a98480881da532eb028038ee08ef424d') in 0.095535 seconds 
========================================================================
Received Import Request.
  Time since last request: 959.577598 seconds.
  path: Assets/Scirpts/HuskAnim.cs
  artifactKey: Guid(92257775d5e130646b9424f0bd4dd295) Importer(815301076,1909f56bfc062723c751e8b465ee728b)
Start importing Assets/Scirpts/HuskAnim.cs using Guid(92257775d5e130646b9424f0bd4dd295) Importer(815301076,1909f56bfc062723c751e8b465ee728b)  -> (artifact id: '766e234ccb056a8e66ede21bcc9f2175') in 0.129555 seconds 
